<?xml version="1.0" encoding="UTF-8"?>
<!-- Generated by org.testng.reporters.JUnitReportReporter -->
<testsuite skipped="0" hostname="d1ml28121" name="com.mindtree.main.MainClass" tests="1" failures="0" timestamp="24 Sep 2018 05:06:34 GMT" time="8.717" errors="0">
  <testcase name="TestMain" time="8.717" classname="com.mindtree.main.MainClass"/>
</testsuite> <!-- com.mindtree.main.MainClass -->
